{
  "RSpec": {
    "coverage": {
      "/Users/jameshughes/MakersAcademy/Projects/Week9/tic_tac_toe/spec/board_spec.rb": [
        1,
        null,
        1,
        3,
        null,
        1,
        1,
        1,
        null,
        null,
        null,
        1,
        1,
        2,
        null,
        null,
        null,
        null,
        null
      ],
      "/Users/jameshughes/MakersAcademy/Projects/Week9/tic_tac_toe/lib/board.rb": [
        1,
        1,
        null,
        1,
        32,
        null,
        null,
        1,
        4,
        null,
        null
      ],
      "/Users/jameshughes/MakersAcademy/Projects/Week9/tic_tac_toe/spec/game_spec.rb": [
        1,
        null,
        1,
        5,
        null,
        1,
        1,
        1,
        1,
        null,
        null,
        null,
        1,
        1,
        1,
        1,
        1,
        1,
        null,
        null,
        1,
        1,
        1,
        1,
        1,
        null,
        null,
        1,
        1,
        null,
        null,
        null
      ],
      "/Users/jameshughes/MakersAcademy/Projects/Week9/tic_tac_toe/lib/game.rb": [
        1,
        null,
        1,
        null,
        1,
        null,
        1,
        4,
        null,
        null,
        1,
        null,
        null,
        null,
        5,
        2,
        null,
        null,
        1,
        5,
        null,
        null,
        1,
        5,
        null,
        null
      ]
    },
    "timestamp": 1509839553
  }
}
